memory.used [MiB]
19474
12312
3916
12356
19476
12540
19476
10946
16448
13038
3096
10694
19472
12996
19472
12994
3094
13746
3078
13772
19472
12554
19472
12318
3090
12300
5966
12300
19488
13388
19488
12460
3896
12436
3896
12330
19478
12360
19478
12400
3094
12464
9364
12164
19486
12296
19486
13280
3914
12550
13662
11728
18652
13334
18652
11812
3092
13844
9460
13242
18652
13364
18652
13336
3912
13508
14256
13632
19482
13334
19482
13466
3074
13206
18662
13230
19486
12858
19486
13086
3074
13274
18656
12780
18656
12954
18656
13060
3894
12976
18656
13442
18656
13466
18656
13278
3074
13524
18660
13260
18660
13242
18660
12950
3072
12974
18660
13252
19482
13210
19482
13314
4740
13170
18598
13178
19420
13802
19420
11202
4290
12954
18568
13128
19390
13196
19390
13378
3460
13162
18634
13104
19456
13096
19456
13146
3890
12880
19484
12750
19484
13362
19484
13348
3072
13364
19472
13356
19472
13356
19472
13322
3896
13296
19482
14658
19482
13842
19482
13572
3076
13528
19480
13614
19480
13410
19480
13510
3898
13212
19476
13380
19476
13092
19476
13258
3076
13740
19480
13504
19480
13420
19480
13432
3894
13430
19472
13560
19472
13450
19472
13244
3076
13248
18658
13262
18658
13356
18658
13060
3096
13040
19474
12942
19474
13048
19474
13364
3896
11308
19482
13560
19482
13724
19482
13698
3092
13660
19474
13420
19474
13754
19474
13528
3900
13552
18654
13552
19476
13520
19476
13520
3096
11016
18650
13432
18650
13432
18650
12924
3100
12934
19480
12944
19480
12908
19480
12818
3920
13578
18658
12766
18658
12780
18658
12804
3092
12222
18658
13518
18658
13950
18658
12584
3074
13464
19482
13314
19482
13354
19482
11434
3076
13220
18650
13300
18650
13326
19472
11384
3896
13364
19470
13842
19470
13154
17090
13124
4736
12888
19480
12682
19480
13496
3916
13504
13862
13504
19486
13472
19486
13498
3094
11018
17842
12924
18664
12826
18664
12736
4736
9608
18596
13594
19418
13720
19418
13464
3460
13462
18632
13548
19456
13458
19456
13466
3094
14746
18664
12888
18664
13234
18664
12758
3096
12948
19474
12702
19474
12704
19474
12906
3912
12678
19486
12676
19486
12634
19486
12634
3090
12634
18652
12632
19474
12690
19474
12682
3916
14058
18662
14306
18662
14322
18662
14532
3092
14352
19478
14312
19478
14302
19478
10722
3074
13670
19490
13682
19490
13704
19490
13526
3894
8688
19478
13462
19478
9214
19478
13414
3070
13340
18654
13356
19476
13276
19476
13160
4732
10768
18592
13326
18592
13194
18592
13144
3070
10468
19486
13178
19486
13450
19486
13170
2268
13460
18600
13158
19422
13170
19422
11518
4276
13466
18644
14302
19466
13486
19466
14046
3094
13224
19478
13084
19478
13308
19478
13048
3914
13044
19478
13056
19478
13026
19478
13254
3090
13398
19478
13190
19478
13414
19478
13006
4720
12988
19476
13458
19476
13004
19476
13970
3092
14260
18652
14274
18652
14508
18652
14536
3916
14318
19474
13812
19474
13768
19474
13634
3636
13674
19444
14570
19444
13632
19444
13620
3874
13576
18650
13344
18650
13550
18650
13616
3058
14454
19484
13628
19484
13606
19484
14320
3876
13456
19472
13494
19472
13486
19472
10478
3902
13522
18654
14352
18654
11824
18654
13476
3098
13450
18666
13034
18666
12976
18666
13204
3094
12974
18660
14302
18660
12974
18660
13198
3894
12976
18662
12876
18662
13112
18662
12822
3092
12928
18662
12978
18662
9864
18662
13850
4308
13092
19456
13096
19456
13094
19456
12926
3898
13094
18658
13032
18658
12922
18658
13024
3074
12594
19480
13518
19480
13684
19480
13888
3092
14038
19478
13860
19478
13708
19478
13670
3914
13426
19476
13640
19476
13644
19476
10916
3094
13402
18662
13402
18662
14282
18662
13390
3090
11760
18668
13368
19490
13392
19490
14290
3916
13332
19482
13402
19482
14294
19482
13638
3074
13406
19474
13360
19474
13270
19474
13266
3912
13352
19476
13372
19476
14192
19476
13016
3092
13012
18660
12960
18660
10056
18660
14046
3914
13430
19476
13488
19476
13814
19476
14002
3092
13934
19490
13946
19490
13950
19490
13968
3918
13948
18654
13736
18654
13770
18654
13772
3082
12574
19482
13890
19482
13892
19482
15236
3080
13916
19482
13948
19482
14134
19482
14086
3056
13914
19482
13910
19482
13896
19482
13896
4720
13714
19426
12828
19426
13052
19426
13940
3878
12850
19416
12826
19416
13658
19416
13634
3470
13006
19460
13188
19460
12862
19460
12910
3076
12794
19482
12590
19482
12998
19482
12764
3076
12756
19480
12756
19480
12810
19480
12698
3914
12756
19490
12746
19490
12658
19490
12964
3074
13062
19474
13132
19474
12822
19474
13602
3898
14476
19482
11920
19482
13280
19482
13542
3078
13842
18656
13572
18656
13626
18656
13552
3898
13570
18656
13346
19478
13504
19478
13292
3090
13314
18652
13298
18652
13022
18652
13292
3092
14146
18660
9076
18660
13074
18660
13388
3092
13490
18660
13780
18660
13532
18660
13466
3890
13272
19486
13136
19486
13422
19486
13446
3068
13448
19470
14774
19470
13406
19470
13406
3916
13286
19478
13346
19478
13098
19478
13454
3096
13346
19480
13318
19480
13172
19480
13168
3466
13004
19470
12846
19470
12790
19470
12806
3076
12798
19484
12796
19484
12876
19484
12764
2256
12652
18598
14222
18598
14148
18598
14170
2260
14148
18608
13802
19430
13348
19430
13330
3492
13362
20076
13304
20076
13276
20076
13350
3098
14208
19482
13136
19482
13256
19482
14122
3090
14122
19486
14146
19486
14130
19486
14124
3094
13300
19476
13278
19476
13060
19476
13098
2274
13172
18596
11984
18596
13388
18596
11806
3486
14648
19452
14310
19452
13474
19452
14188
2272
12960
19424
13294
19424
13320
19424
13156
3460
13170
18644
13464
18644
14256
18644
13108
3916
12874
19484
11676
19484
12856
19484
12850
3100
12850
18662
11674
18662
12854
18662
10456
3922
12852
18654
12784
18654
12760
19476
12858
3900
12248
19476
12952
19476
13464
19476
13716
3920
13444
19484
13424
19484
13414
19484
13366
3080
12934
18658
10438
18658
13468
18658
13158
3098
12856
19484
12894
19484
13284
19484
14386
3916
13030
19476
13016
19476
13030
19476
14324
3096
13026
19478
12982
19478
13008
19478
14300
3918
12994
19476
12992
19476
12888
19476
13076
